<?xml version="1.0" encoding="UTF-8"?>
<!-- Generated by org.testng.reporters.JUnitReportReporter -->
<testsuite skipped="0" hostname="LAPTOP-6KSVJ6TI" name="org.testing.testcases.Delete_TestCase" tests="1" failures="0" timestamp="02 Apr 2019 18:16:24 GMT" time="2.349" errors="0">
  <testcase name="thirdTestCase" time="2.349" classname="org.testing.testcases.Delete_TestCase"/>
</testsuite> <!-- org.testing.testcases.Delete_TestCase -->
