<?xml version="1.0" encoding="UTF-8"?>
<!-- Generated by org.testng.reporters.JUnitReportReporter -->
<testsuite skipped="0" hostname="LAPTOP-6KSVJ6TI" name="org.testing.testcases.TC_001" tests="1" failures="0" timestamp="02 Apr 2019 02:12:17 GMT" time="3.014" errors="0">
  <testcase name="firstTestCase" time="3.014" classname="org.testing.testcases.TC_001"/>
</testsuite> <!-- org.testing.testcases.TC_001 -->
