<?xml version="1.0" encoding="UTF-8"?>
<!-- Generated by org.testng.reporters.JUnitReportReporter -->
<testsuite skipped="0" hostname="LAPTOP-6KSVJ6TI" name="org.testing.testcases.TC_002" tests="1" failures="0" timestamp="02 Apr 2019 02:36:24 GMT" time="3.033" errors="0">
  <testcase name="secondTestCase" time="3.033" classname="org.testing.testcases.TC_002"/>
</testsuite> <!-- org.testing.testcases.TC_002 -->
